TN:
SF:src/FeedNoticias.ts
FN:6,<instance_members_initializer>
FN:15,getLatestNewsContent
FN:23,subscribe
FN:35,unsubscribe
FN:47,notify
FN:56,publishNews
FNF:6
FNH:6
FNDA:4,<instance_members_initializer>
FNDA:6,getLatestNewsContent
FNDA:6,subscribe
FNDA:2,unsubscribe
FNDA:2,notify
FNDA:2,publishNews
DA:1,1
DA:2,1
DA:3,1
DA:4,1
DA:5,1
DA:6,1
DA:7,4
DA:8,4
DA:9,4
DA:10,4
DA:11,4
DA:12,4
DA:13,4
DA:14,4
DA:15,4
DA:16,6
DA:17,6
DA:18,4
DA:19,4
DA:20,4
DA:21,4
DA:22,4
DA:23,4
DA:24,6
DA:25,1
DA:26,6
DA:27,5
DA:28,5
DA:29,6
DA:30,4
DA:31,4
DA:32,4
DA:33,4
DA:34,4
DA:35,4
DA:36,2
DA:37,2
DA:38,1
DA:39,1
DA:40,1
DA:41,1
DA:42,2
DA:43,4
DA:44,4
DA:45,4
DA:46,4
DA:47,4
DA:48,2
DA:49,2
DA:50,4
DA:51,4
DA:52,4
DA:53,4
DA:54,4
DA:55,4
DA:56,4
DA:57,2
DA:58,2
DA:59,2
DA:60,4
LF:60
LH:60
BRDA:6,0,0,4
BRDA:15,1,0,6
BRDA:23,2,0,6
BRDA:24,3,0,1
BRDA:26,4,0,5
BRDA:35,5,0,2
BRDA:37,6,0,1
BRDA:47,7,0,2
BRDA:48,8,0,3
BRDA:56,9,0,2
BRF:10
BRH:10
end_of_record
TN:
SF:src/Subscriber.ts
FN:8,<instance_members_initializer>
FN:9,Subscriber
FN:18,getId
FN:26,getName
FN:34,update
FNF:5
FNH:3
FNDA:8,<instance_members_initializer>
FNDA:8,Subscriber
FNDA:0,getId
FNDA:0,getName
FNDA:7,update
DA:1,1
DA:2,1
DA:3,1
DA:4,1
DA:5,1
DA:6,1
DA:7,1
DA:8,1
DA:9,8
DA:10,8
DA:11,8
DA:12,8
DA:13,8
DA:14,8
DA:15,8
DA:16,8
DA:17,8
DA:18,8
DA:19,0
DA:20,0
DA:21,8
DA:22,8
DA:23,8
DA:24,8
DA:25,8
DA:26,8
DA:27,0
DA:28,0
DA:29,8
DA:30,8
DA:31,8
DA:32,8
DA:33,8
DA:34,8
DA:35,7
DA:36,6
DA:37,6
DA:38,1
DA:39,1
DA:40,8
LF:40
LH:36
BRDA:8,0,0,8
BRDA:9,1,0,8
BRDA:34,2,0,7
BRDA:35,3,0,6
BRDA:38,4,0,1
BRF:5
BRH:5
end_of_record
